<?xml version="1.0" encoding="UTF-8"?>
<!-- Generated by org.testng.reporters.JUnitReportReporter -->
<testsuite hostname="DEEPAK-LAPTOP" failures="0" tests="1" name="utils.ConfigrationReader" time="0.011" errors="0" timestamp="2025-07-16T19:34:49 IST" skipped="0">
  <testcase classname="utils.ConfigrationReader" name="run" time="0.011"/>
</testsuite> <!-- utils.ConfigrationReader -->
